Logging to './unlinked.filtered.p.log'.
Locus/sample distributions will be written to './unlinked.filtered.p.log.distribs'.
populations parameters selected:
  Input mode: VCF
  Percent samples limit per population: 0
  Locus Population limit: 1
  Percent samples overall: 0
  Minor allele frequency cutoff: 0
  Maximum observed heterozygosity cutoff: 1
  Applying Fst correction: none.
  Pi/Fis kernel smoothing: off
  Fstats kernel smoothing: off
  Bootstrap resampling: off

Parsing population map...
The population map contained 28 samples, 10 population(s), 1 group(s).
Opening the VCF file...
Working on 28 samples.
Working on 10 population(s):
    diadema Gatokae: 908108_H_diadema_Gatokae
    diadema Guadalcanal: 908151_H_diadema_Guadalcanal, 908152_H_diadema_Guadalcanal, 908156_H_diadema_Guadalcanal, 908208_H_diadema_Guadalcanal
    dinops Guadalcanal: 908153a_H_dinops_Guadalcanal, 908154_H_dinops_Guadalcanal, 908155_H_dinops_Guadalcanal, THL1173_H_dinops_Guadalcanal
    diadema Isabel: KVO168_H_diadema_Isabel, KVO169_H_diadema_Isabel, KVO170_H_diadema_Isabel, KVO171_H_diadema_Isabel
    dinops Rendova: KVO242_H_dinops_Rendova, KVO243_H_dinops_Rendova, KVO245_H_dinops_Rendova, KVO246_H_dinops_Rendova
    diadema Rendova: KVO248_H_diadema_Rendova
    demissus Makira: THL1156_H_demissus_Makira
    diadema Ngella Islands: THL17193_H_diadema_Ngella, THL17194_H_diadema_Ngella, THL17195_H_diadema_Ngella, THL17197_H_diadema_Ngella, THL17198_H_diadema_Ngella, 
                            THL17199_H_diadema_Ngella
    diadema New Britain: WD1705_H_diadema_E_New_Britain
    diadema PNG: WD2047_H_diadema_Simbu_Prov, WD2074_H_diadema_Gulf_Prov
Working on 1 group(s) of populations:
    defaultgrp: diadema Gatokae, diadema Guadalcanal, dinops Guadalcanal, diadema Isabel, dinops Rendova, diadema Rendova, demissus Makira, diadema Ngella Islands, diadema New Britain, diadema PNG

Per-population SNP allele counts will be written to './unlinked.filtered.p.treemix'
Genotyping markers will be written to './unlinked.filtered.p.markers.tsv'
Raw Genotypes/Haplotypes will be written to './unlinked.filtered.p.haplotypes.tsv'
Population-level summary statistics will be written to './unlinked.filtered.p.sumstats.tsv'
Population-level haplotype summary statistics will be written to './unlinked.filtered.p.hapstats.tsv'

Processing data in batches:
  * load a batch of catalog loci and apply filters
  * compute SNP- and haplotype-wise per-population statistics
  * write the above statistics in the output files
  * export the genotypes/haplotypes in specified format(s)
More details in './unlinked.filtered.p.log.distribs'.
Now processing...
1 
3 
5 
10 
17 
19 
23 
27 
29 
32 
36 
38 
42 
45 
54 
57 
62 
65 
69 
71 
74 
76 
79 
82 
85 
95 
104 
109 
113 
116 
119 
123 
130 
133 
141 
145 
150 
157 
159 
162 
168 
177 
180 
183 
187 
191 
194 
199 
201 
204 
207 
211 
214 
217 
230 
233 
238 
240 
244 
248 
254 
262 
268 
276 
282 
284 
291 
296 
305 
310 
314 
319 
321 
324 
331 
334 
347 
352 
358 
365 
368 
373 
375 
379 
384 
390 
393 
398 
402 
404 
412 
419 
426 
428 
433 
440 
445 
454 
463 
470 
474 
478 
483 
491 
496 
502 
505 
510 
514 
518 
525 
528 
537 
540 
550 
556 
559 
563 
568 
570 
573 
576 
580 
595 
598 
604 
608 
612 
622 
626 
631 
635 
647 
651 
654 
657 
664 
668 
672 
682 
691 
697 
702 
705 
715 
717 
719 
726 
739 
744 
749 
753 
762 
767 
769 
777 
789 
811 
814 
819 
821 
835 
841 
846 
854 
861 
867 
878 
883 
887 
894 
897 
916 
926 
936 
938 
942 
944 
953 
957 
959 
965 
969 
975 
982 
992 
996 
1001 
1019 
1024 
1028 
1033 
1040 
1050 
1052 
1057 
1062 
1070 
1074 
1076 
1085 
1101 
1105 
1118 
1120 
1126 
1131 
1133 
1137 
1158 
1170 
1175 
1180 
1191 
1194 
1199 
1207 
1215 
1222 
1234 
1240 
1249 
1255 
1264 
1269 
1276 
1284 
1293 
1297 
1309 
1321 
1333 
1337 
1342 
1346 
1348 
1352 
1358 
1369 
1375 
1377 
1381 
1386 
1390 
1393 
1397 
1402 
1405 
1413 
1417 
1419 
1424 
1426 
1435 
1442 
1450 
1460 
1467 
1471 
1479 
1487 
1490 
1497 
1502 
1509 
1516 
1534 
1538 
1546 
1548 
1562 
1566 
1569 
1571 
1584 
1589 
1595 
1605 
1625 
1630 
1634 
1645 
1648 
1656 
1660 
1663 
1665 
1670 
1677 
1680 
1686 
1688 
1700 
1704 
1711 
1717 
1723 
1728 
1735 
1740 
1748 
1751 
1754 
1759 
1762 
1766 
1772 
1774 
1791 
1794 
1802 
1808 
1816 
1820 
1822 
1825 
1838 
1844 
1847 
1854 
1857 
1864 
1872 
1878 
1882 
1892 
1900 
1906 
1913 
1923 
1933 
1936 
1940 
1944 
1956 
1969 
1973 
1977 
1994 
1997 
2004 
2011 
2016 
2018 
2029 
2044 
2046 
2048 
2052 
2056 
2066 
2072 
2078 
2082 
2095 
2097 
2102 
2107 
2111 
2117 
2124 
2130 
2137 
2140 
2143 
2156 
2176 
2183 
2186 
2188 
2191 
2197 
2204 
2207 
2215 
2217 
2220 
2225 
2228 
2233 
2242 
2245 
2248 
2253 
2258 
2265 
2274 
2277 
2295 
2300 
2302 
2320 
2341 
2347 
2363 
2372 
2380 
2388 
2399 
2406 
2414 
2416 
2421 
2426 
2428 
2444 
2455 
2460 
2464 
2469 
2475 
2478 
2492 
2504 
2507 
2509 
2518 
2521 
2524 
2527 
2529 
2531 
2538 
2545 
2553 
2557 
2576 
2587 
2591 
2595 
2597 
2600 
2603 
2607 
2617 
2624 
2632 
2640 
2649 
2654 
2658 
2665 
2669 
2675 
2688 
2692 
2700 
2702 
2713 
2718 
2721 
2725 
2738 
2743 
2755 
2758 
2767 
2769 
2778 
2794 
2798 
2807 
2811 
2815 
2821 
2827 
2834 
2851 
2872 
2874 
2879 
2885 
2901 
2907 
2916 
2935 
2938 
2957 
2963 
2981 
2988 
3000 
3010 
3019 
3027 
3034 
3041 
3054 
3057 
3061 
3065 
3075 
3092 
3096 
3110 
3121 
3127 
3152 
3162 
3169 
3173 
3180 
3187 
3192 
3201 
3204 
3211 
3220 
3237 
3244 
3263 
3265 
3274 
3279 
3283 
3299 
3311 
3315 
3324 
3328 
3333 
3344 
3357 
3361 
3367 
3386 
3393 
3399 
3410 
3418 
3421 
3426 
3435 
3442 
3458 
3463 
3468 
3473 
3480 
3497 
3503 
3510 
3520 
3528 
3538 
3545 
3548 
3556 
3559 
3574 
3583 
3593 
3598 
3602 
3610 
3621 
3625 
3633 
3637 
3642 
3644 
3652 
3657 
3660 
3677 
3679 
3686 
3692 
3706 
3710 
3725 
3729 
3741 
3751 
3768 
3770 
3777 
3786 
3817 
3828 
3830 
3838 
3855 
3859 
3863 
3868 
3875 
3881 
3886 
3897 
3900 
3927 
3931 
3942 
3957 
3961 
3968 
3977 
3983 
3989 
3991 
4012 
4015 
4019 
4033 
4038 
4042 
4045 
4058 
4064 
4075 
4078 
4094 
4098 
4111 
4122 
4129 
4134 
4140 
4149 
4166 
4169 
4180 
4182 
4191 
4196 
4200 
4206 
4208 
4212 
4222 
4229 
4231 
4243 
4252 
4262 
4266 
4270 
4283 
4285 
4287 
4290 
4294 
4302 
4306 
4309 
4318 
4329 
4333 
4338 
4344 
4349 
4356 
4359 
4370 
4384 
4412 
4416 
4420 
4424 
4429 
4445 
4448 
4452 
4458 
4463 
4469 
4473 
4488 
4495 
4508 
4520 
4534 
4537 
4556 
4564 
4575 
4580 
4589 
4593 
4599 
4609 
4615 
4624 
4635 
4651 
4661 
4673 
4677 
4689 
4693 
4705 
4726 
4741 
4750 
4754 
4758 
4762 
4766 
4780 
4792 
4798 
4805 
4810 
4817 
4821 
4828 
4835 
4841 
4854 
4858 
4861 
4874 
4880 
4896 
4901 
4909 
4913 
4920 
4933 
4944 
4946 
4951 
4953 
4960 
4965 
4968 
4972 
4975 
4993 
5006 
5010 
5018 
5029 
5032 
5037 
5047 
5051 
5055 
5070 
5074 
5079 
5082 
5084 
5090 
5094 
5099 
5103 
5107 
5118 
5123 
5133 
5141 
5146 
5148 
5153 
5157 
5161 
5165 
5167 
5173 
5178 
5186 
5191 
5193 
5197 
5204 
5211 
5216 
5226 
5232 
5236 
5250 
5259 
5266 
5273 
5276 
5279 
5289 
5300 
5303 
5305 
5309 
5314 
5319 
5332 
5339 
5346 
5348 
5362 
5365 
5368 
5376 
5382 
5386 
5393 
5398 
5409 
5431 
5435 
5438 
5444 
5447 
5450 
5460 
5475 
5480 
5485 
5501 
5513 
5516 
5534 
5542 
5548 
5554 
5564 
5575 
5582 
5587 
5591 
5597 
5609 
5612 
5615 
5621 
5624 
5636 
5639 
5643 
5652 
5659 
5662 
5666 
5672 
5690 
5697 
5703 
5706 
5720 
5731 
5737 
5741 
5749 
5754 
5767 
5785 
5791 
5796 
5798 
5810 
5816 
5822 
5824 
5829 
5833 
5837 
5839 
5846 
5849 
5858 
5863 
5868 
5871 
5873 
5878 
5884 
5897 
5907 
5909 
5918 
5922 
5927 
5936 
5938 
5941 
5943 
5948 
5958 
5963 
5970 
5972 
5976 
5979 
5985 
5993 
5998 
6007 
6015 
6022 
6026 
6031 
6040 
6051 
6055 
6068 
6078 
6083 
6086 
6088 
6093 
6101 
6107 
6121 
6125 
6149 
6154 
6164 
6167 
6176 
6180 
6182 
6185 
6189 
6199 
6202 
6211 
6223 
6228 
6235 
6239 
6241 
6246 
6250 
6253 
6260 
6266 
6276 
6296 
6301 
6308 
6337 
6340 
6343 
6350 
6353 
6356 
6361 
6368 
6374 
6387 
6390 
6399 
6408 
6410 
6418 
6425 
6431 
6437 
6439 
6444 
6446 
6449 
6454 
6460 
6469 
6472 
6476 
6493 
6503 
6510 
6519 
6523 
6529 
6538 
6542 
6550 
6556 
6558 
6560 
6574 
6580 
6587 
6591 
6596 
6609 
6613 
6622 
6626 
6628 
6641 
6646 
6653 
6657 
6660 
6672 
6674 
6686 
6694 
6697 
6702 
6708 
6714 
6728 
6731 
6733 
6738 
6741 
6744 
6749 
6751 
6756 
6764 
6766 
6770 
6783 
6788 
6790 
6794 
6804 
6808 
6811 
6816 
6826 
6829 
6856 
6861 
6865 
6882 
6884 
6889 
6893 
6900 
6903 
6907 
6918 
6921 
6930 
6933 
6936 
6950 
6958 
6965 
6981 
6987 
6993 
6999 
7004 
7008 
7015 
7021 
7030 
7037 
7044 
7052 
7057 
7059 
7061 
7067 
7077 
7080 
7087 
7091 
7098 
7102 
7112 
7118 
7127 
7138 
7142 
7146 
7152 
7162 
7169 
7174 
7180 
7186 
7193 
7196 
7201 
7207 
7225 
7228 
7256 
7259 
7265 
7267 
7278 
7281 
7292 
7298 
7310 
7316 
7325 
7333 
7336 
7355 
7364 
7366 
7373 
7383 
7398 
7406 
7413 
7419 
7424 
7430 
7433 
7441 
7446 
7455 
7461 
7469 
7474 
7478 
7480 
7483 
7489 
7496 
7505 
7511 
7515 
7520 
7525 
7527 
7532 
7536 
7544 
7550 
7557 
7564 
7570 
7578 
7587 
7591 
7594 
7603 
7619 
7624 
7628 
7631 
7644 
7660 
7664 
7669 
7678 
7689 
7696 
7704 
7718 
7727 
7739 
7748 
7751 
7757 
7760 
7763 
7770 
7776 
7778 
7783 
7795 
7812 
7819 
7826 
7837 
7841 
7848 
7855 
7865 
7871 
7874 
7882 
7884 
7896 
7901 
7908 
7912 
7915 
7932 
7934 
7938 
7940 
7943 
7945 
7952 
7960 
7965 
7980 
7986 
7988 
8001 
8006 
8016 
8026 
8030 
8040 
8051 
8057 
8067 
8084 
8087 
8093 
8100 
8103 
8110 
8116 
8126 
8129 
8138 
8144 
8148 
8162 
8164 
8171 
8184 
8192 
8201 
8211 
8221 
8224 
8233 
8238 
8246 
8250 
8259 
8267 
8279 
8290 
8299 
8311 
8327 
8332 
8339 
8348 
8358 
8360 
8370 
8377 
8382 
8397 
8399 
8406 
8410 
8417 
8420 
8422 
8431 
8434 
8437 
8445 
8455 
8460 
8473 
8477 
8486 
8494 
8499 
8506 
8513 
8520 
8528 
8530 
8538 
8541 
8547 
8549 
8561 
8565 
8570 
8573 
8582 
8595 
8601 
8604 
8608 
8613 
8618 
8630 
8639 
8651 
8661 
8665 
8670 
8675 
8686 
8688 
8691 
8698 
8710 
8714 
8721 
8725 
8731 
8736 
8744 
8752 
8758 
8775 
8783 
8786 
8788 
8795 
8803 
8811 
8819 
8821 
8825 
8828 
8831 
8835 
8839 
8851 
8855 
8857 
8874 
8879 
8888 
8896 
8900 
8913 
8921 
8931 
8963 
8967 
8972 
8975 
8978 
8982 
8991 
9006 
9011 
9018 
9025 
9032 
9035 
9040 
9047 
9052 
9054 
9067 
9069 
9072 
9076 
9084 
9094 
9096 
9099 
9102 
9104 
9113 
9120 
9127 
9135 
9144 
9162 
9164 
9174 
9178 
9182 
9185 
9195 
9198 
9202 
9206 
9209 
9213 
9216 
9226 
9233 
9237 
9249 
9273 
9278 
9282 
9291 
9294 
9301 
9310 
9318 
9323 
9340 
9344 
9347 
9355 
9371 
9379 
9384 
9392 
9396 
9408 
9415 
9418 
9427 
9433 
9439 
9444 
9450 
9459 
9464 
9467 
9472 
9476 
9485 
9493 
9499 
9501 
9505 
9508 
9522 
9528 
9531 
9535 
9538 
9542 
9546 
9555 
9561 
9570 
9576 
9583 
9590 
9603 
9609 
9620 
9629 
9638 
9644 
9651 
9664 
9673 
9681 
9689 
9693 
9705 
9712 
9723 
9741 
9747 
9750 
9760 
9769 
9779 
9783 
9790 
9806 
9814 
9817 
9824 
9842 
9855 
9868 
9879 
9884 
9894 
9904 
9910 
9914 
9927 
9937 
9943 
9954 
9961 
9963 
9968 
9985 
9987 
9996 
10011 
10030 
10034 
10044 
10056 
10069 
10078 
10083 
10087 
10100 
10106 
10111 
10116 
10119 
10128 
10132 
10134 
10136 
10141 
10154 
10159 
10169 
10176 
10181 
10188 
10192 
10212 
10217 
10236 
10243 
10248 
10264 
10272 
10274 
10285 
10292 
10299 
10308 
10322 
10327 
10329 
10335 
10344 
10351 
10356 
10360 
10367 
10378 
10384 
10389 
10392 
10396 
10398 
10400 
10426 
10430 
10444 
10451 
10456 
10462 
10470 
10474 
10478 
10493 
10497 
10504 
10516 
10522 
10530 
10537 
10547 
10555 
10560 
10579 
10586 
10593 
10599 
10611 
10625 
10631 
10633 
10639 
10655 
10667 
10671 
10673 
10682 
10686 
10688 
10701 
10708 
10720 
10735 
10744 
10750 
10756 
10768 
10779 
10795 
10800 
10813 
10829 
10831 
10848 
10861 
10876 
10878 
10886 
10893 
10907 
10911 
10915 
10924 
10930 
10935 
10941 
10953 
10961 
10964 
10968 
10971 
10980 
10991 
11001 
11020 
11039 
11042 
11047 
11057 
11075 
11079 
11085 
11090 
11097 
11102 
11112 
11120 
11124 
11127 
11139 
11153 
11161 
11163 
11170 
11182 
11186 
11190 
11195 
11198 
11204 
11213 
11218 
11222 
11241 
11243 
11247 
11265 
11281 
11287 
11290 
11305 
11317 
11323 
11329 
11332 
11342 
11355 
11363 
11382 
11391 
11400 
11406 
11420 
11423 
11429 
11437 
11443 
11460 
11466 
11484 
11495 
11512 
11521 
11523 
11526 
11529 
11533 
11541 
11548 
11550 
11553 
11555 
11559 
11562 
11567 
11571 
11577 
11587 
11593 
11595 
11597 
11600 
11610 
11619 
11625 
11632 
11638 
11643 
11648 
11650 
11654 
11664 
11669 
11675 
11681 
11687 
11694 
11699 
11715 
11720 
11725 
11730 
11735 
11738 
11741 
11747 
11757 
11761 
11765 
11769 
11775 
11785 
11792 
11795 
11811 
11820 
11822 
11829 
11836 
11840 
11845 
11848 
11854 
11863 
11866 
11868 
11873 
11877 
11888 
11891 
11903 
11914 
11918 
11922 
11925 
11936 
11942 
11957 
11960 
11967 
11970 
11974 
11984 
11990 
11993 
11995 
11999 
12005 
12007 
12014 
12020 
12027 
12035 
12042 
12044 
12051 
12054 
12059 
12061 
12067 
12074 
12094 
12104 
12109 
12119 
12124 
12132 
12157 
12168 
12186 
12190 
12198 
12203 
12226 
12231 
12238 
12241 
12245 
12254 
12258 
12272 
12276 
12279 
12286 
12300 
12307 
12318 
12323 
12326 
12334 
12345 
12348 
12351 
12359 
12362 
12368 
12371 
12378 
12381 
12383 
12385 
12393 
12403 
12407 
12413 
12417 
12421 
12426 
12436 
12439 
12443 
12453 
12455 
12458 
12460 
12462 
12465 
12471 
12482 
12492 
12495 
12503 
12506 
12510 
12517 
12530 
12541 
12544 
12546 
12558 
12565 
12573 
12577 
12586 
12588 
12590 
12594 
12604 
12610 
12629 
12634 
12639 
12649 
12652 
12660 
12675 
12684 
12692 
12699 
12706 
12709 
12711 
12717 
12724 
12727 
12729 
12734 
12750 
12760 
12769 
12776 
12781 
12786 
12790 
12803 
12812 
12819 
12822 
12834 
12838 
12846 
12858 
12873 
12878 
12880 
12885 
12892 
12898 
12912 
12918 
12921 
12927 
12931 
12938 
12948 
12953 
12958 
12960 
12963 
12967 
12971 
12978 
12991 
12997 
13015 
13018 
13023 
13030 
13036 
13056 
13060 
13063 
13074 
13077 
13088 
13095 
13100 
13107 
13109 
13113 
13119 
13124 
13128 
13131 
13134 
13141 
13148 
13153 
13163 
13167 
13175 
13179 
13183 
13187 
13190 
13194 
13199 
13208 
13211 
13214 
13217 
13231 
13236 
13242 
13249 
13251 
13257 
13263 
13269 
13272 
13279 
13281 
13286 
13296 
13304 
13308 
13312 
13319 
13326 
13336 
13345 
13353 
13356 
13361 
13372 
13381 
13385 
13389 
13395 
13408 
13413 
13423 
13425 
13435 
13441 
13448 
13451 
13468 
13480 
13486 
13492 
13495 
13498 
13501 
13505 
13509 
13516 
13519 
13530 
13533 
13543 
13551 
13561 
13569 
13575 
13582 
13588 
13593 
13601 
13606 
13613 
13618 
13623 
13628 
13636 
13641 
13651 
13653 
13656 
13660 
13670 
13674 
13679 
13689 
13697 
13706 
13713 
13716 
13722 
13729 
13731 
13744 
13754 
13761 
13766 
13772 
13778 
13783 
13788 
13790 
13795 
13804 
13808 
13812 
13815 
13824 
13829 
13845 
13848 
13854 
13858 
13861 
13863 
13868 
13875 
13884 
13888 
13892 
13899 
13903 
13907 
13915 
13919 
13924 
13936 
13938 
13953 
13959 
13962 
13972 
13977 
13986 
13992 
14001 
14004 
14012 
14023 
14025 
14029 
14032 
14034 
14046 
14055 
14066 
14074 
14079 
14086 
14095 
14101 
14106 
14114 
14123 
14133 
14137 
14152 
14163 
14165 
14170 
14178 
14184 
14188 
14190 
14193 
14197 
14204 
14212 
14219 
14227 
14233 
14237 
14248 
14260 
14269 
14272 
14279 
14284 
14290 
14294 
14306 
14312 
14317 
14323 
14326 
14328 
14331 
14338 
14345 
14348 
14364 
14368 
14378 
14381 
14387 
14391 
14395 
14401 
14404 
14409 
14413 
14417 
14424 
14435 
14437 
14446 
14449 
14458 
14468 
14472 
14481 
14484 
14496 
14499 
14504 
14506 
14514 
14522 
14526 
14530 
14535 
14541 
14552 
14563 
14568 
14574 
14578 
14594 
14601 
14608 
14613 
14616 
14622 
14626 
14630 
14633 
14638 
14644 
14658 
14664 
14671 
14679 
14687 
14697 
14704 
14711 
14715 
14730 
14735 
14738 
14744 
14748 
14752 
14754 
14764 
14771 
14782 
14790 
14793 
14798 
14806 
14813 
14816 
14819 
14826 
14832 
14838 
14850 
14852 
14859 
14861 
14864 
14867 
14870 
14873 
14881 
14887 
14890 
14893 
14901 
14906 
14914 
14917 
14924 
14930 
14936 
14939 
14945 
14948 
14954 
14958 
14961 
14966 
14974 
14981 
14985 
14992 
14997 
15003 
15017 
15019 
15030 
15033 
15038 
15044 
15053 
15060 
15062 
15065 
15071 
15077 
15081 
15084 
15090 
15094 
15097 
15099 
15104 
15106 
15108 
15113 
15116 
15123 
15129 
15135 
15142 
15159 
15161 
15173 
15178 
15182 
15190 
15198 
15204 
15216 
15219 
15222 
15227 
15230 
15238 
15242 
15253 
15259 
15265 
15269 
15273 
15277 
15279 
15289 
15291 
15297 
15300 
15305 
15310 
15316 
15321 
15329 
15345 
15349 
15351 
15355 
15365 
15368 
15370 
15372 
15384 
15387 
15391 
15396 
15415 
15422 
15426 
15435 
15447 
15454 
15462 
15471 
15483 
15488 
15492 
15498 
15504 
15511 
15515 
15522 
15528 
15534 
15540 
15542 
15550 
15559 
15566 
15570 
15581 
15588 
15599 
15601 
15606 
15616 
15628 
15633 
15640 
15644 
15647 
15649 
15651 
15659 
15674 
15684 
15689 
15694 
15702 
15710 
15715 
15725 
15727 
15732 
15736 
15741 
15747 
15751 
15755 
15759 
15763 
15774 
15784 
15788 
15793 
15797 
15806 
15808 
15814 
15826 
15831 
15840 
15847 
15849 
15861 
15872 
15874 
15876 
15881 
15885 
15888 
15905 
15913 
15915 
15925 
15934 
15940 
15951 
15953 
15958 
15966 
15974 
15981 
15986 
15995 
16001 
16009 
16016 
16030 
16036 
16047 
16052 
16057 
16061 
16064 
16073 
16078 
16081 
16086 
16094 
16111 
16119 
16123 
16133 
16139 
16148 
16156 
16160 
16171 
16173 
16176 
16183 
16185 
16188 
16192 
16196 
16198 
16203 
16206 
16213 
16218 
16224 
16239 
16253 
16261 
16272 
16276 
16282 
16286 
16293 
16297 
16300 
16306 
16314 
16319 
16331 
16336 
16341 
16345 
16360 
16364 
16368 
16373 
16381 
16384 
16386 
16388 
16391 
16397 
16401 
16404 
16410 
16415 
16417 
16432 
16442 
16445 
16456 
16463 
16468 
16472 
16476 
16479 
16484 
16486 
16498 
16504 
16515 
16522 
16525 
16535 
16541 
16549 
16556 
16558 
16569 
16577 
16580 
16585 
16589 
16593 
16599 
16606 
16613 
16615 
16618 
16622 
16635 
16641 
16652 
16656 
16658 
16662 
16670 
16673 
16687 
16694 
16697 
16715 
16722 
16725 
16732 
16740 
16748 
16751 
16756 
16760 
16763 
16767 
16776 
16796 
16800 
16805 
16808 
16815 
16825 
16834 
16836 
16841 
16845 
16852 
16859 
16869 
16874 
16881 
16887 
16890 
16896 
16900 
16904 
16913 
16916 
16923 
16933 
16942 
16944 
16950 
16955 
16959 
16969 
16979 
16985 
16990 
16994 
17012 
17022 
17030 
17037 
17048 
17053 
17058 
17060 
17067 
17075 
17078 
17087 
17089 
17095 
17102 
17107 
17109 
17114 
17122 
17128 
17130 
17137 
17140 
17146 
17159 
17163 
17167 
17174 
17177 
17185 
17190 
17192 
17205 
17208 
17216 
17219 
17238 
17245 
17255 
17261 
17264 
17278 
17280 
17288 
17298 
17300 
17304 
17310 
17321 
17324 
17330 
17341 
17344 
17355 
17359 
17362 
17367 
17372 
17379 
17392 
17399 
17409 
17414 
17420 
17426 
17430 
17435 
17445 
17449 
17460 
17466 
17473 
17479 
17489 
17492 
17494 
17505 
17512 
17516 
17521 
17532 
17540 
17548 
17560 
17572 
17579 
17583 
17598 
17606 
17622 
17632 
17635 
17641 
17647 
17658 
17661 
17674 
17681 
17685 
17689 
17694 
17704 
17711 
17713 
17717 
17720 
17722 
17725 
17729 
17738 
17747 
17749 
17762 
17771 
17773 
17776 
17784 
17790 
17797 
17800 
17812 
17823 
17827 
17832 
17845 
17847 
17851 
17863 
17869 
17882 
17891 
17895 
17899 
17902 
17904 
17910 
17913 
17927 
17937 
17940 
17945 
17957 
17960 
17968 
17972 
17982 
17986 
17999 
18003 
18007 
18011 
18017 
18023 
18029 
18038 
18041 
18054 
18057 
18060 
18072 
18076 
18083 
18095 
18098 
18100 
18114 
18123 
18126 
18130 
18147 
18152 
18156 
18159 
18175 
18181 
18190 
18199 
18207 
18212 
18214 
18219 
18222 
18226 
18230 
18234 
18238 
18257 
18263 
18270 
18272 
18275 
18279 
18283 
18287 
18296 
18300 
18304 
18308 
18312 
18321 
18329 
18336 
18341 
18344 
18351 
18360 
18366 
18368 
18375 
18384 
18388 
18399 
18407 
18409 
18412 
18423 
18426 
18431 
18434 
18438 
18441 
18448 
18456 
18463 
18469 
18475 
18479 
18483 
18490 
18496 
18508 
18510 
18514 
18517 
18523 
18525 
18535 
18538 
18545 
18555 
18557 
18563 
18570 
18578 
18583 
18593 
18597 
18605 
18616 
18621 
18625 
18629 
18634 
18637 
18639 
18648 
18652 
18658 
18665 
18671 
18673 
18680 
18685 
18688 
18693 
18705 
18713 
18725 
18729 
18743 
18754 
18759 
18771 
18775 
18782 
18785 
18792 
18797 
18807 
18813 
18820 
18831 
18838 
18842 
18850 
18862 
18865 
18873 
18883 
18892 
18895 
18897 
18900 
18904 
18910 
18914 
18918 
18926 
18929 
18932 
18935 
18941 
18946 
18953 
18961 
18965 
18975 
18982 
18991 
18997 
19003 
19005 
19013 
19026 
19028 
19032 
19038 
19045 
19054 
19056 
19062 
19074 
19080 
19084 
19091 
19099 
19102 
19105 
19112 
19114 
19117 
19120 
19123 
19129 
19132 
19134 
19147 
19152 
19157 
19163 
19171 
19184 
19188 
19193 
19202 
19210 
19213 
19226 
19229 
19232 
19243 
19250 
19252 
19256 
19261 
19268 
19281 
19290 
19293 
19296 
19299 
19319 
19326 
19331 
19338 
19342 
19347 
19350 
19353 
19358 
19365 
19372 
19387 
19392 
19404 
19409 
19412 
19417 
19426 
19434 
19441 
19443 
19453 
19458 
19460 
19468 
19473 
19482 
19488 
19494 
19498 
19505 
19513 
19518 
19533 
19536 
19545 
19554 
19556 
19561 
19563 
19566 
19571 
19573 
19587 
19603 
19606 
19611 
19621 
19626 
19628 
19630 
19638 
19640 
19644 
19651 
19661 
19669 
19674 
19681 
19683 
19687 
19692 
19699 
19702 
19704 
19711 
19716 
19720 
19727 
19734 
19736 
19745 
19753 
19758 
19764 
19768 
19770 
19777 
19785 
19795 
19805 
19816 
19820 
19826 
19830 
19835 
19839 
19846 
19863 
19870 
19873 
19886 
19893 
19895 
19897 
19901 
19908 
19916 
19930 
19941 
19947 
19953 
19958 
19962 
19973 
19983 
19990 
19997 
20002 
20004 
20021 
20036 
20042 
20044 
20047 
20052 
20057 
20063 
20074 
20083 
20086 
20090 
20096 
20103 
20107 
20109 
20114 
20118 
20121 
20129 
20132 
20134 
20138 
20141 
20145 
20150 
20154 
20169 
20178 
20184 
20194 
20197 
20206 
20216 
20218 
20224 
20226 
20229 
20232 
20244 
20247 
20252 
20268 
20273 
20283 
20291 
20298 
20301 
20306 
20313 
20322 
20327 
20334 
20337 
20350 
20353 
20356 
20366 
20376 
20390 
20397 
20407 
20416 
20421 
20429 
20440 
20444 
20450 
20455 
20458 
20463 
20465 
20474 
20486 
20491 
20497 
20503 
20511 
20514 
20516 
20521 
20525 
20534 
20542 
20551 
20557 
20566 
20575 
20580 
20584 
20588 
20594 
20599 
20607 
20616 
20624 
20628 
20642 
20647 
20649 
20654 
20658 
20662 
20665 
20669 
20680 
20695 
20697 
20704 
20717 
20720 
20725 
20728 
20735 
20741 
20745 
20749 
20757 
20761 
20767 
20777 
20786 
20794 
20799 
20802 
20807 
20816 
20820 
20822 
20825 
20830 
20833 
20846 
20856 
20864 
20873 
20877 
20880 
20888 
20894 
20898 
20901 
20904 
20911 
20915 
20921 
20927 
20932 
20949 
20953 
20963 
20968 
20971 
20976 
20983 
21000 
21009 
21016 
21020 
21026 
21031 
21034 
21039 
21046 
21051 
21061 
21070 
21078 
21081 
21088 
21098 
21112 
21118 
21120 
21124 
21127 
21129 
21135 
21144 
21155 
21162 
21175 
21182 
21184 
21188 
21198 
21203 
21210 
21215 
21222 
21225 
21228 
21240 
21242 
21247 
21254 
21257 
21265 
21268 
21273 
21279 
21284 
21290 
21298 
21306 
21314 
21317 
21322 
21329 
21332 
21343 
21350 
21357 
21360 
21362 
21364 
21374 
21381 
21389 
21393 
21399 
21401 
21410 
21422 
21430 
21434 
21439 
21441 
21444 
21446 
21449 
21451 
21453 
21456 
21461 
21465 
21471 
21474 
21480 
21486 
21491 
21495 
21502 
21507 
21510 
21516 
21523 
21537 
21542 
21546 
21552 
21568 
21570 
21588 
21598 
21608 
21613 
21619 
21627 
21637 
21646 
21650 
21653 
21660 
21666 
21668 
21670 
21679 
21689 
21692 
21694 
21702 
21707 
21712 
21714 
21718 
21724 
21736 
21739 
21742 
21748 
21753 
21758 
21767 
21769 
21775 
21780 
21787 
21792 
21796 
21800 
21804 
21810 
21813 
21828 
21832 
21844 
21846 
21854 
21861 
21863 
21870 
21872 
21878 
21885 
21888 
21896 
21909 
21917 
21920 
21930 
21934 
21940 
21948 
21966 
21978 
21982 
21984 
21986 
21991 
21999 
22002 
22011 
22016 
22021 
22024 
22030 
22038 
22040 
22047 
22052 
22064 
22067 
22075 
22079 
22089 
22095 
22108 
22117 
22122 
22125 
22132 
22157 
22168 
22172 
22182 
22187 
22189 
22196 
22205 
22210 
22214 
22216 
22219 
22222 
22229 
22231 
22239 
22243 
22248 
22253 
22256 
22261 
22264 
22271 
22276 
22292 
22301 
22306 
22308 
22310 
22320 
22325 
22329 
22334 
22337 
22343 
22347 
22350 
22354 
22357 
22360 
22366 
22370 
22376 
22383 
22392 
22402 
22407 
22413 
22415 
22427 
22437 
22445 
22449 
22464 
22470 
22477 
22481 
22493 
22498 
22505 
22508 
22514 
22521 
22528 
22538 
22541 
22546 
22553 
22559 
22572 
22578 
22583 
22590 
22593 
22601 
22604 
22613 
22615 
22618 
22627 
22629 
22639 
22642 
22648 
22654 
22664 
22672 
22679 
22691 
22697 
22700 
22720 
22726 
22736 
22740 
22743 
22747 
22757 
22767 
22771 
22791 
22799 
22807 
22816 
22833 
22838 
22851 
22854 
22858 
22860 
22862 
22868 
22873 
22877 
22883 
22887 
22890 
22895 
22910 
22916 
22924 
22928 
22936 
22943 
22946 
22953 
22959 
22961 
22964 
22969 
22976 
22982 
22987 
22993 
22998 
23005 
23009 
23016 
23020 
23027 
23030 
23034 
23047 
23050 
23062 
23067 
23069 
23075 
23077 
23080 
23087 
23097 
23100 
23104 
23108 
23112 
23117 
23119 
23124 
23132 
23141 
23147 
23154 
23158 
23162 
23168 
23170 
23172 
23180 
23187 
23190 
23198 
23201 
23206 
23210 
23212 
23218 
23233 
23240 
23247 
23257 
23262 
23264 
23268 
23278 
23282 
23292 
23301 
23308 
23313 
23318 
23321 
23327 
23336 
23339 
23348 
23351 
23358 
23363 
23367 
23373 
23376 
23386 
23396 
23401 
23403 
23410 
23415 
23423 
23425 
23431 
23438 
23445 
23454 
23466 
23474 
23480 
23486 
23492 
23495 
23498 
23506 
23528 
23539 
23544 
23546 
23553 
23559 
23567 
23571 
23580 
23588 
23600 
23602 
23611 
23615 
23621 
23625 
23629 
23632 
23639 
23641 
23646 
23652 
23657 
23665 
23668 
23676 
23678 
23681 
23691 
23693 
23696 
23707 
23712 
23719 
23724 
23729 
23732 
23737 
23741 
23751 
23760 
23766 
23774 
23776 
23786 
23788 
23792 
23799 
23806 
23810 
23818 
23820 
23828 
23835 
23839 
23841 
23846 
23857 
23866 
23879 
23889 
23895 
23897 
23908 
23915 
23919 
23921 
23925 
23927 
23939 
23941 
23947 
23952 
23955 
23968 
23980 
23993 
23998 
24000 
24012 
24016 
24020 
24033 
24041 
24045 
24047 
24055 
24062 
24071 
24079 
24089 
24103 
24112 
24121 
24126 
24131 
24136 
24139 
24144 
24148 
24156 
24158 
24161 
24164 
24169 
24179 
24187 
24195 
24197 
24202 
24205 
24211 
24220 
24229 
24236 
24242 
24244 
24247 
24251 
24258 
24265 
24269 
24276 
24281 
24286 
24290 
24296 
24301 
24304 
24311 
24313 
24319 
24321 
24330 
24342 
24347 
24353 
24355 
24361 
24366 
24372 
24375 
24378 
24383 
24388 
24390 
24394 
24409 
24413 
24420 
24425 
24433 
24435 
24441 
24452 
24454 
24459 
24463 
24465 
24469 
24473 
24479 
24490 
24492 
24496 
24500 
24508 
24516 
24518 
24525 
24536 
24542 
24546 
24556 
24565 
24570 
24573 
24581 
24588 
24591 
24593 
24598 
24601 
24605 
24607 
24615 
24620 
24628 
24637 
24641 
24651 
24656 
24659 
24666 
24669 
24672 
24679 
24684 
24696 
24702 
24707 
24718 
24727 
24738 
24743 
24747 
24754 
24760 
24764 
24774 
24776 
24787 
24797 
24805 
24814 
24816 
24821 
24835 
24838 
24842 
24850 
24858 
24862 
24868 
24879 
24882 
24892 
24900 
24906 
24912 
24921 
24924 
24930 
24942 
24948 
24955 
24962 
24979 
24987 
24992 
24994 
24997 
25007 
25014 
25017 
25025 
25031 
25037 
25045 
25049 
25059 
25070 
25078 
25082 
25100 
25109 
25111 
25119 
25123 
25125 
25130 
25136 
25140 
25145 
25151 
25157 
25163 
25172 
25180 
25187 
25192 
25194 
25198 
25203 
25208 
25217 
25222 
25225 
25231 
25237 
25249 
25256 
25262 
25269 
25272 
25279 
25282 
25285 
25291 
25298 
25308 
25317 
25326 
25334 
25339 
25345 
25349 
25354 
25363 
25377 
25382 
25390 
25399 
25405 
25418 
25432 
25440 
25446 
25451 
25458 
25465 
25469 
25474 
25481 
25487 
25496 
25502 
25507 
25512 
25521 
25530 
25543 
25547 
25553 
25557 
25568 
25579 
25594 
25597 
25599 
25607 
25611 
25617 
25631 
25633 
25638 
25641 
25649 
25652 
25658 
25661 
25669 
25673 
25678 
25681 
25689 
25699 
25704 
25710 
25712 
25714 
25728 
25734 
25744 
25752 
25754 
25764 
25767 
25777 
25784 
25791 
25806 
25823 
25826 
25831 
25835 
25839 
25844 
25846 
25849 
25851 
25857 
25860 
25865 
25870 
25877 
25882 
25886 
25898 
25902 
25909 
25912 
25918 
25921 
25925 
25929 
25941 
25949 
25953 
25964 
25966 
25973 
25980 
25983 
25985 
25996 
26012 
26016 
26025 
26033 
26038 
26045 
26051 
26060 
26068 
26074 
26080 
26083 
26095 
26100 
26103 
26109 
26116 
26126 
26131 
26135 
26138 
26154 
26165 
26173 
26181 
26185 
26191 
26203 
26209 
26217 
26222 
26235 
26238 
26240 
26245 
26249 
26261 
26266 
26274 
26279 
26288 
26292 
26295 
26298 
26312 
26319 
26337 
26340 
26343 
26362 
26368 
26371 
26376 
26380 
26386 
26393 
26397 
26400 
26406 
26412 
26416 
26425 
26430 
26444 
26449 
26454 
26458 
26460 
26467 
26470 
26472 
26475 
26481 
26489 
26496 
26502 
26511 
26518 
26522 
26532 
26536 
26544 
26548 
26555 
26562 
26565 
26567 
26574 
26591 
26597 
26602 
26609 
26616 
26626 
26633 
26636 
26638 
26662 
26674 
26684 
26692 
26700 
26703 
26706 
26710 
26714 
26716 
26722 
26725 
26730 
26733 
26738 
26745 
26748 
26751 
26754 
26763 
26767 
26778 
26784 
26791 
26800 
26804 
26806 
26811 
26819 
26834 
26842 
26847 
26866 
26885 
26888 
26899 
26906 
26914 
26923 
26930 
26935 
26947 
26951 
26959 
26966 
26973 
26979 
26981 
26995 
27000 
27007 
27017 
27026 
27031 
27037 
27041 
27050 
27067 
27076 
27092 
27104 
27110 
27119 
27137 
27153 
27161 
27167 
27170 
27176 
27184 
27192 
27207 
27211 
27216 
27227 
27242 
27249 
27255 
27262 
27276 
27282 
27288 
27301 
27305 
27318 
27320 
27328 
27335 
27342 
27346 
27351 
27365 
27372 
27380 
27388 
27393 
27410 
27424 
27434 
27448 
27457 
27461 
27467 
27475 
27487 
27494 
27497 
27500 
27504 
27507 
27514 
27520 
27529 
27546 
27559 
27576 
27592 
27600 
27605 
27614 
27630 
27639 
27652 
27662 
27671 
27681 
27690 
27694 
27699 
27713 
27723 
27736 
27744 
27746 
27754 
27771 
27775 
27781 
27786 
27808 
27818 
27820 
27823 
27834 
27836 
27840 
27846 
27856 
27864 
27879 
27884 
27899 
27903 
27914 
27929 
27946 
27951 
27959 
27974 
27976 
27997 
28003 
28018 
28020 
28027 
28038 
28041 
28052 
28058 
28062 
28064 
28069 
28071 
28076 
28085 
28088 
28094 
28108 
28115 
28123 
28125 
28144 
28168 
28170 
28174 
28183 
28194 
28202 
28211 
28218 
28233 
28238 
28254 
28259 
28273 
28275 
28278 
28290 
28294 
28300 
28304 
28308 
28312 
28319 
28327 
28341 
28349 
28367 
28370 
28376 
28382 
28390 
28396 
28413 
28425 
28435 
28437 
28454 
28461 
28475 
28486 
28510 
28518 
28524 
28530 
28540 
28552 
28569 
28573 
28583 
28590 
28602 
28608 
28616 
28640 
28643 
28654 
28662 
28666 
28671 
28678 
28685 
28690 
28701 
28703 
28708 
28712 
28723 
28728 
28733 
28738 
28756 
28760 
28763 
28769 
28775 
28778 
28783 
28789 
28805 
28816 
28823 
28828 
28845 
28855 
28859 
28871 
28887 
28905 
28927 
28936 
28943 
28957 
28970 
28984 
28989 
28999 
29020 
29027 
29032 
29040 
29043 
29045 
29048 
29058 
29063 
29072 
29075 
29082 
29088 
29102 
29104 
29108 
29115 
29119 
29136 
29144 
29156 
29159 
29166 
29174 
29179 
29197 
29208 
29219 
29230 
29237 
29241 
29246 
29256 
29260 
29262 
29273 
29284 
29289 
29291 
29295 
29303 
29307 
29316 
29324 
29331 
29334 
29338 
29353 
29359 
29378 
29393 
29397 
29405 
29408 
29425 
29429 
29436 
29440 
29443 
29446 
29460 
29467 
29470 
29476 
29483 
29485 
29501 
29506 
29514 
29516 
29524 
29527 
29532 
29540 
29557 
29576 
29590 
29600 
29602 
29607 
29618 
29626 
29629 
29635 
29639 
29642 
29647 
29651 
29661 
29665 
29672 
29677 
29680 
29683 
29688 
29699 
29703 
29711 
29716 
29718 
29723 
29728 
29732 
29735 
29744 
29747 
29750 
29755 
29760 
29769 
29784 
29805 
29810 
29812 
29815 
29817 
29827 
29835 
29852 
29855 
29857 
29866 
29870 
29875 
29881 
29886 
29890 
29905 
29908 
29913 
29918 
29925 
29927 
29929 
29935 
29940 
29946 
29953 
29958 
29960 
29968 
29972 
29981 
29989 
29997 
30003 
30008 
30010 
30020 
30025 
30032 
30043 
30054 
30059 
30062 
30069 
30071 
30073 
30083 
30091 
30096 
30107 
30112 
30116 
30125 
30130 
30142 
30153 
30159 
30165 
30168 
30182 
30185 
30191 
30201 
30206 
30214 
30218 
30220 
30229 
30233 
30246 
30263 
30270 
30275 
30278 
30280 
30285 
30290 
30298 
30304 
30312 
30315 
30318 
30322 
30325 
30331 
30338 
30343 
30352 
30358 
30365 
30371 
30378 
30387 
30390 
30402 
30413 
30417 
30423 
30427 
30431 
30444 
30447 
30451 
30457 
30461 
30469 
30473 
30485 
30496 
30510 
30513 
30520 
30527 
30532 
30541 
30551 
30554 
30564 
30574 
30585 
30595 
30601 
30604 
30611 
30621 
30629 
30640 
30646 
30649 
30652 
30661 
30675 
30680 
30684 
30701 
30704 
30709 
30714 
30717 
30724 
30727 
30738 
30746 
30758 
30762 
30765 
30770 
30776 
30781 
30784 
30787 
30790 
30796 
30804 
30814 
30818 
30820 
30823 
30827 
30831 
30839 
30842 
30845 
30849 
30854 
30862 
30866 
30874 
30877 
30883 
30891 
30894 
30900 
30909 
30911 
30914 
30924 
30928 
30933 
30940 
30946 
30950 
30957 
30963 
30967 
30980 
30982 
30988 
31004 
31012 
31016 
31019 
31024 
31029 
31037 
31042 
31051 
31054 
31062 
31070 
31072 
31077 
31083 
31091 
31095 
31100 
31107 
31112 
31120 
31123 
31128 
31132 
31143 
31149 
31153 
31157 
31161 
31167 
31178 
31189 
31199 
31211 
31216 
31222 
31226 
31229 
31233 
31240 
31249 
31251 
31256 
31261 
31265 
31269 
31275 
31279 
31288 
31292 
31296 
31302 
31304 
31310 
31314 
31318 
31328 
31335 
31342 
31352 
31360 
31370 
31386 
31392 
31397 
31404 
31416 
31420 
31424 
31428 
31436 
31441 
31451 
31468 
31478 
31480 
31486 
31493 
31497 
31506 
31509 
31515 
31525 
31530 
31534 
31540 
31566 
31572 
31577 
31588 
31594 
31598 
31603 
31611 
31616 
31620 
31636 
31642 
31651 
31654 
31664 
31670 
31678 
31683 
31686 
31693 
31706 
31708 
31712 
31720 
31726 
31736 
31744 
31751 
31757 
31762 
31767 
31773 
31784 
31788 
31792 
31795 
31800 
31810 
31818 
31823 
31835 
31841 
31846 
31850 
31855 
31858 
31860 
31878 
31880 
31892 
31897 
31908 
31918 
31932 
31941 
31950 
31961 
31966 
31969 
31971 
31974 
31984 
31990 
31992 
32013 
32016 
32018 
32023 
32028 
32039 
32041 
32044 
32053 
32058 
32065 
32070 
32081 
32084 
32096 
32098 
32103 
32105 
32122 
32127 
32135 
32140 
32147 
32151 
32159 
32167 
32174 
32176 
32178 
32189 
32196 
32210 
32223 
32225 
32228 
32234 
32238 
32242 
32245 
32249 
32259 
32261 
32267 
32275 
32288 
32291 
32302 
32304 
32307 
32313 
32321 
32325 
32341 
32343 
32355 
32360 
32365 
32367 
32377 
32383 
32387 
32394 
32396 
32400 
32410 
32423 
32430 
32435 
32444 
32446 
32454 
32457 
32461 
32465 
32469 
32472 
32484 
32489 
32494 
32504 
32506 
32509 
32516 
32526 
32533 
32536 
32538 
32547 
32556 
32559 
32569 
32575 
32578 
32581 
32586 
32595 
32600 
32606 
32609 
32613 
32619 
32623 
32630 
32640 
32651 
32654 
32659 
32662 
32677 
32683 
32689 
32699 
32710 
32715 
32719 
32721 
32738 
32742 
32746 
32751 
32764 
32770 
32772 
32780 
32791 
32801 
32803 
32808 
32817 
32822 
32825 
32827 
32833 
32837 
32845 
32852 
32859 
32864 
32866 
32873 
32895 
32912 
32925 
32928 
32943 
32949 
32961 
32963 
32979 
32985 
32992 
33000 
33010 
33013 
33019 
33032 
33038 
33041 
33051 
33061 
33069 
33071 
33085 
33091 
33099 
33101 
33104 
33107 
33112 
33116 
33140 
33150 
33160 
33165 
33177 
33181 
33187 
33207 
33213 
33220 
33232 
33237 
33248 
33250 
33255 
33260 
33267 
33273 
33282 
33285 
33288 
33290 
33297 
33302 
33316 
33320 
33323 
33347 
33353 
33355 
33361 
33388 
33422 
33459 
33473 
33503 
33525 
33531 
33539 
33541 
33560 
33583 
33590 
33606 
33621 
33651 
33682 
33697 
33716 
33734 
33751 
33802 
33805 
33830 
33838 
33843 
33861 
33878 
33912 
33917 
33953 
33956 
33985 
34021 
34050 
34055 
34067 
34081 
34094 
34101 
34110 
34126 
34138 
34148 
34157 
34168 
34206 
34215 
34239 
34273 
34276 
34296 
34305 
34324 
34346 
34379 
34398 
34441 
34456 
34484 
34518 
34522 
34540 
34548 
34578 
34599 
34625 
34631 
34655 
34660 
34681 
34701 
34713 
34772 
34822 
34848 
34867 
34907 
34915 
34927 
34952 
34976 
34984 
34991 
35010 
35027 
35051 
35057 
35140 
35147 
35151 
35180 
35189 
35223 
35233 
35263 
35279 
35298 
35354 
35384 
35422 
35441 
35520 
35546 
35623 
35644 
35665 
35720 
35766 
35782 
35827 
36008 
36360 
36451 
36667 
36893 
37013 
37113 
37234 
37319 
37430 
37713 
37791 
37839 
37965 
38048 
38235 
38463 
38677 
38799 
39045 
39173 
39363 
39624 
39677 
40236 
40754 
40889 
41156 
41226 
41253 
41301 
41354 
41418 
41493 
41516 
41590 
41683 
41775 
41821 
41889 
41952 
41992 
42070 
42118 
42158 
42193 
42297 
42422 
42437 
42468 
42635 
42724 
42741 
42836 
42925 
43177 
43280 
43331 
43474 
43519 
43603 
43648 
43792 
43903 
43933 
44028 
44092 
44161 
44211 
44289 
44310 
44522 
44684 
44776 
44942 
45002 
45255 
45293 
45375 
45733 
45861 
45977 
46085 
46229 
46372 
46494 
46529 
46719 
46880 
47047 
47156 
47267 
47384 
47452 
47622 
47772 
47815 
47875 
47955 
48042 
48336 
48451 
48469 
48497 
48624 
48684 
48712 
48745 
48801 
48842 
48856 
48905 
48941 
48961 
48968 
49012 
49160 
49256 
49346 
49432 
49533 
49586 
49763 
49854 
49909 
49950 
50015 
50157 
50179 
50467 
50508 
50637 
50677 
50713 
50722 
50864 
50962 
51001 
51057 
51063 
51086 
51118 
51147 
51224 
51261 
51278 
51370 
51449 
51509 
51513 
51538 
51566 
51684 
51747 
51810 
51890 
51937 
51969 
52111 
52159 
52200 
52264 
52286 
52444 
52482 
52570 
52662 
52719 
52817 
52835 
53047 
53126 
53218 
53348 
53366 
53412 
53714 
54106 
54545 
54684 
55069 
55247 
55305 
55555 
55750 
55890 
55927 
56154 
56244 
56455 
56668 
56859 
57004 
57070 
57104 
57120 
57164 
57214 
57243 
57263 
57306 
57374 
57390 
57432 
57498 
57566 
57676 
57770 
57777 
57947 
57966 
59598 
95405 
104107 
127537 
 
Found 10586 SNP records in file 'unlinked.filtered.vcf'. (Skipped 0 already filtered-out SNPs and 0 non-SNP records ; more with --verbose.)

Removed 0 loci that did not pass sample/population constraints from 10586 loci.
Kept 10586 loci, composed of 10586 sites; 0 of those sites were filtered, 10586 variant sites remained.
    10533 genomic sites, of which 53 were covered by multiple loci (0.5%).
Mean genotyped sites per locus: 1.00bp (stderr 0.00).

Population summary statistics (more detail in populations.sumstats_summary.tsv):
  diadema Gatokae: 1 samples per locus; pi: 0.067265; all/variant/polymorphic sites: 9470/9470/637; private alleles: 36
  diadema Guadalcanal: 3.9751 samples per locus; pi: 0.08691; all/variant/polymorphic sites: 10586/10586/2251; private alleles: 434
  dinops Guadalcanal: 3.9103 samples per locus; pi: 0.040824; all/variant/polymorphic sites: 10586/10586/1056; private alleles: 217
  diadema Isabel: 3.4194 samples per locus; pi: 0.079226; all/variant/polymorphic sites: 10586/10586/1937; private alleles: 265
  dinops Rendova: 3.9888 samples per locus; pi: 0.07087; all/variant/polymorphic sites: 10586/10586/1751; private alleles: 461
  diadema Rendova: 1 samples per locus; pi: 0.017138; all/variant/polymorphic sites: 10503/10503/180; private alleles: 587
  demissus Makira: 1 samples per locus; pi: 0.006031; all/variant/polymorphic sites: 10446/10446/63; private alleles: 656
  diadema Ngella Islands: 5.9805 samples per locus; pi: 0.084791; all/variant/polymorphic sites: 10586/10586/2498; private alleles: 531
  diadema New Britain: 1 samples per locus; pi: 0.023147; all/variant/polymorphic sites: 10455/10455/242; private alleles: 878
  diadema PNG: 1.9262 samples per locus; pi: 0.088044; all/variant/polymorphic sites: 10525/10525/1491; private alleles: 1998
Populations is done.
tail: cannot open ‘filtered.unlinked.90.p.treemix’ for reading: No such file or directory
gzip: unlinked.filtered.recode.p.treemix.gz already exists;	not overwritten
gsl: init_source.c:29: ERROR: matrix dimension n1 must be positive integer

TreeMix v. 1.13
$Revision: 231 $

npop:0 nsnp:0
Default GSL error handler invoked.
/var/spool/slurmd/job36715597/slurm_script: line 19:   849 Aborted                 (core dumped) /panfs/pfs.local/work/bi/bin/treemix-1.13/src/treemix -i unlinked.filtered.recode.p.treemix.gz -root melanurus -o treem0
gsl: init_source.c:29: ERROR: matrix dimension n1 must be positive integer

TreeMix v. 1.13
$Revision: 231 $

npop:0 nsnp:0
Default GSL error handler invoked.
/var/spool/slurmd/job36715597/slurm_script: line 22:   850 Aborted                 (core dumped) /panfs/pfs.local/work/bi/bin/treemix-1.13/src/treemix -i unlinked.filtered.recode.p.treemix.gz -m 1 -g treem0.vertices.gz treem0.edges.gz -o treem1
gsl: init_source.c:29: ERROR: matrix dimension n1 must be positive integer

TreeMix v. 1.13
$Revision: 231 $

npop:0 nsnp:0
Default GSL error handler invoked.
/var/spool/slurmd/job36715597/slurm_script: line 25:   851 Aborted                 (core dumped) /panfs/pfs.local/work/bi/bin/treemix-1.13/src/treemix -i unlinked.filtered.recode.p.treemix.gz -m 1 -g treem1.vertices.gz treem1.edges.gz -o treem2
gsl: init_source.c:29: ERROR: matrix dimension n1 must be positive integer

TreeMix v. 1.13
$Revision: 231 $

npop:0 nsnp:0
Default GSL error handler invoked.
/var/spool/slurmd/job36715597/slurm_script: line 28:   852 Aborted                 (core dumped) /panfs/pfs.local/work/bi/bin/treemix-1.13/src/treemix -i unlinked.filtered.recode.p.treemix.gz -m 1 -g treem2.vertices.gz treem2.edges.gz -o treem3
gsl: init_source.c:29: ERROR: matrix dimension n1 must be positive integer

TreeMix v. 1.13
$Revision: 231 $

npop:0 nsnp:0
Default GSL error handler invoked.
/var/spool/slurmd/job36715597/slurm_script: line 31:   853 Aborted                 (core dumped) /panfs/pfs.local/work/bi/bin/treemix-1.13/src/treemix -i unlinked.filtered.recode.p.treemix.gz -m 1 -g treem3.vertices.gz treem3.edges.gz -o treem4
gsl: init_source.c:29: ERROR: matrix dimension n1 must be positive integer

TreeMix v. 1.13
$Revision: 231 $

npop:0 nsnp:0
Default GSL error handler invoked.
/var/spool/slurmd/job36715597/slurm_script: line 34:   854 Aborted                 (core dumped) /panfs/pfs.local/work/bi/bin/treemix-1.13/src/treemix -i unlinked.filtered.recode.p.treemix.gz -m 1 -g treem4.vertices.gz treem4.edges.gz -o treem5
